<?xml version="1.0" encoding="UTF-8" ?>
<testsuites errors="1"
            failures="1"
            tests="1">

  <testsuite name="xcoobee"
    errors="1" failures="1" hostname="" id="" package="xcoobee" skipped="0"
    tests="1" time="33.42" timestamp="">
  
    <testcase name="Verify the login module" classname="xcoobee" time="33.42" assertions="7">

    

    

    

    

    

      <failure message="Testing if element &lt;#fileDropSettings.access_code&gt; contains text &#39;mkyl-gmM3F_yln5BTA9zD&#39; in 5000ms - expected &#34;contains text &#39;mkyl-gmM3F_yln5BTA9zD&#39;&#34; but got: &#34;element could not be located&#34; (5208ms)">    at Object.Verify the login module (C:\Users\Nadim\Desktop\xcoobee\tests\xcoobee.js:31:21)
    at processTicksAndRejections (internal/process/task_queues.js:97:5)</failure>

    
    <error message="Error while running &#34;containsText&#34; command: Testing if element [0;33m&lt;#fileDropSettings.access_code&gt;[0m contains text [0;33m&#39;mkyl-gmM3F_yln5BTA9zD&#39;[0m in 5000ms - expected [0;32m&#34;contains text &#39;mkyl-gmM3F_yln5BTA9zD&#39;&#34;[0m but got: [0;31m&#34;element could not be located&#34;[0m [0;90m(5208ms)[0m" type="error"><![CDATA[
        at Object.Verify the login module (C:\Users\Nadim\Desktop\xcoobee\tests\xcoobee.js:31:21)
    at processTicksAndRejections (internal/process/task_queues.js:97:5)
    ]]></error>
    
    </testcase>
  

  
    <system-err>
        NoSuchElementError: An error occurred while running .getText() command on &lt;#fileDropSettings.access_code&gt;: 
   {&#34;value&#34;:[]}
       at processTicksAndRejections (internal/process/task_queues.js:97:5)
    </system-err>
  

    

  
  </testsuite>
</testsuites>
